<?xml version="1.0" encoding="UTF-8"?>
<!-- Generated by org.testng.reporters.JUnitReportReporter -->
<testsuite hostname="DESKTOP-J4SRGEC" failures="0" tests="1" name="iframes.iframes" time="2.437" errors="0" timestamp="2024-07-08T00:17:39 IST" skipped="0">
  <testcase classname="iframes.iframes" name="iframeslist" time="2.437"/>
  <system-out/>
</testsuite> <!-- iframes.iframes -->
