<?xml version="1.0" encoding="UTF-8"?>
<!-- Generated by org.testng.reporters.JUnitReportReporter -->
<testsuite hostname="DESKTOP-J4SRGEC" failures="0" tests="3" name="alertmessage.alerthandles" time="1.613" errors="0" timestamp="2024-07-06T19:29:30 IST" skipped="0">
  <testcase classname="alertmessage.alerthandles" name="promptbox" time="0.440"/>
  <system-out/>
  <testcase classname="alertmessage.alerthandles" name="confirmbox" time="0.325"/>
  <system-out/>
  <testcase classname="alertmessage.alerthandles" name="alertbox" time="0.848"/>
  <system-out/>
</testsuite> <!-- alertmessage.alerthandles -->
